<?xml version="1.0" encoding="UTF-8"?>
<testsuite xmlns:xsi="http://www.w3.org/2001/XMLSchema-instance" xsi:noNamespaceSchemaLocation="https://maven.apache.org/surefire/maven-surefire-plugin/xsd/surefire-test-report-3.0.xsd" version="3.0" name="controller.InventarioTest" time="0.052" tests="1" errors="0" skipped="0" failures="0">
  <properties>
    <property name="java.specification.version" value="21"/>
    <property name="sun.cpu.isalist" value="amd64"/>
    <property name="sun.jnu.encoding" value="Cp1252"/>
    <property name="java.class.path" value="H:\2025\code\Duoc\B3 - POO_II\Exp2_S5\GestionInventario\target\test-classes;H:\2025\code\Duoc\B3 - POO_II\Exp2_S5\GestionInventario\target\classes;C:\Users\mvarg\.m2\repository\org\junit\jupiter\junit-jupiter-api\5.10.0\junit-jupiter-api-5.10.0.jar;C:\Users\mvarg\.m2\repository\org\opentest4j\opentest4j\1.3.0\opentest4j-1.3.0.jar;C:\Users\mvarg\.m2\repository\org\junit\platform\junit-platform-commons\1.10.0\junit-platform-commons-1.10.0.jar;C:\Users\mvarg\.m2\repository\org\apiguardian\apiguardian-api\1.1.2\apiguardian-api-1.1.2.jar;C:\Users\mvarg\.m2\repository\org\junit\jupiter\junit-jupiter-engine\5.10.0\junit-jupiter-engine-5.10.0.jar;C:\Users\mvarg\.m2\repository\org\junit\platform\junit-platform-engine\1.10.0\junit-platform-engine-1.10.0.jar;C:\Users\mvarg\.m2\repository\org\openjfx\javafx-controls\21\javafx-controls-21.jar;C:\Users\mvarg\.m2\repository\org\openjfx\javafx-controls\21\javafx-controls-21-win.jar;C:\Users\mvarg\.m2\repository\org\openjfx\javafx-graphics\21\javafx-graphics-21.jar;C:\Users\mvarg\.m2\repository\org\openjfx\javafx-graphics\21\javafx-graphics-21-win.jar;C:\Users\mvarg\.m2\repository\org\openjfx\javafx-base\21\javafx-base-21.jar;C:\Users\mvarg\.m2\repository\org\openjfx\javafx-base\21\javafx-base-21-win.jar;C:\Users\mvarg\.m2\repository\org\openjfx\javafx-fxml\21\javafx-fxml-21.jar;C:\Users\mvarg\.m2\repository\org\openjfx\javafx-fxml\21\javafx-fxml-21-win.jar;"/>
    <property name="java.vm.vendor" value="Oracle Corporation"/>
    <property name="sun.arch.data.model" value="64"/>
    <property name="user.variant" value=""/>
    <property name="java.vendor.url" value="https://java.oracle.com/"/>
    <property name="user.timezone" value="America/Santiago"/>
    <property name="os.name" value="Windows 11"/>
    <property name="java.vm.specification.version" value="21"/>
    <property name="user.country" value="CL"/>
    <property name="sun.java.launcher" value="SUN_STANDARD"/>
    <property name="sun.boot.library.path" value="C:\Program Files\Java\jdk-21\bin"/>
    <property name="sun.java.command" value="C:\Users\mvarg\AppData\Local\Temp\surefire16408841834460257163\surefirebooter-20250914081214136_3.jar C:\Users\mvarg\AppData\Local\Temp\surefire16408841834460257163 2025-09-14T08-12-14_018-jvmRun1 surefire-20250914081214136_1tmp surefire_0-20250914081214136_2tmp"/>
    <property name="jdk.debug" value="release"/>
    <property name="test" value="controller.InventarioTest#testBuscarPorTextoInexistente"/>
    <property name="surefire.test.class.path" value="H:\2025\code\Duoc\B3 - POO_II\Exp2_S5\GestionInventario\target\test-classes;H:\2025\code\Duoc\B3 - POO_II\Exp2_S5\GestionInventario\target\classes;C:\Users\mvarg\.m2\repository\org\junit\jupiter\junit-jupiter-api\5.10.0\junit-jupiter-api-5.10.0.jar;C:\Users\mvarg\.m2\repository\org\opentest4j\opentest4j\1.3.0\opentest4j-1.3.0.jar;C:\Users\mvarg\.m2\repository\org\junit\platform\junit-platform-commons\1.10.0\junit-platform-commons-1.10.0.jar;C:\Users\mvarg\.m2\repository\org\apiguardian\apiguardian-api\1.1.2\apiguardian-api-1.1.2.jar;C:\Users\mvarg\.m2\repository\org\junit\jupiter\junit-jupiter-engine\5.10.0\junit-jupiter-engine-5.10.0.jar;C:\Users\mvarg\.m2\repository\org\junit\platform\junit-platform-engine\1.10.0\junit-platform-engine-1.10.0.jar;C:\Users\mvarg\.m2\repository\org\openjfx\javafx-controls\21\javafx-controls-21.jar;C:\Users\mvarg\.m2\repository\org\openjfx\javafx-controls\21\javafx-controls-21-win.jar;C:\Users\mvarg\.m2\repository\org\openjfx\javafx-graphics\21\javafx-graphics-21.jar;C:\Users\mvarg\.m2\repository\org\openjfx\javafx-graphics\21\javafx-graphics-21-win.jar;C:\Users\mvarg\.m2\repository\org\openjfx\javafx-base\21\javafx-base-21.jar;C:\Users\mvarg\.m2\repository\org\openjfx\javafx-base\21\javafx-base-21-win.jar;C:\Users\mvarg\.m2\repository\org\openjfx\javafx-fxml\21\javafx-fxml-21.jar;C:\Users\mvarg\.m2\repository\org\openjfx\javafx-fxml\21\javafx-fxml-21-win.jar;"/>
    <property name="sun.cpu.endian" value="little"/>
    <property name="user.home" value="C:\Users\mvarg"/>
    <property name="user.language" value="es"/>
    <property name="java.specification.vendor" value="Oracle Corporation"/>
    <property name="java.version.date" value="2025-01-21"/>
    <property name="java.home" value="C:\Program Files\Java\jdk-21"/>
    <property name="file.separator" value="\"/>
    <property name="basedir" value="H:\2025\code\Duoc\B3 - POO_II\Exp2_S5\GestionInventario"/>
    <property name="java.vm.compressedOopsMode" value="Zero based"/>
    <property name="line.separator" value="&#10;"/>
    <property name="java.vm.specification.vendor" value="Oracle Corporation"/>
    <property name="java.specification.name" value="Java Platform API Specification"/>
    <property name="surefire.real.class.path" value="C:\Users\mvarg\AppData\Local\Temp\surefire16408841834460257163\surefirebooter-20250914081214136_3.jar"/>
    <property name="user.script" value=""/>
    <property name="sun.management.compiler" value="HotSpot 64-Bit Tiered Compilers"/>
    <property name="java.runtime.version" value="21.0.6+8-LTS-188"/>
    <property name="user.name" value="mvarg"/>
    <property name="stdout.encoding" value="Cp1252"/>
    <property name="path.separator" value=";"/>
    <property name="os.version" value="10.0"/>
    <property name="java.runtime.name" value="Java(TM) SE Runtime Environment"/>
    <property name="file.encoding" value="UTF-8"/>
    <property name="java.vm.name" value="Java HotSpot(TM) 64-Bit Server VM"/>
    <property name="maven.ext.class.path" value="C:\Program Files\NetBeans-25\netbeans\java\maven-nblib\netbeans-eventspy.jar"/>
    <property name="localRepository" value="C:\Users\mvarg\.m2\repository"/>
    <property name="java.vendor.url.bug" value="https://bugreport.java.com/bugreport/"/>
    <property name="java.io.tmpdir" value="C:\Users\mvarg\AppData\Local\Temp\"/>
    <property name="java.version" value="21.0.6"/>
    <property name="user.dir" value="H:\2025\code\Duoc\B3 - POO_II\Exp2_S5\GestionInventario"/>
    <property name="os.arch" value="amd64"/>
    <property name="java.vm.specification.name" value="Java Virtual Machine Specification"/>
    <property name="sun.os.patch.level" value=""/>
    <property name="native.encoding" value="Cp1252"/>
    <property name="java.library.path" value="C:\Program Files\Java\jdk-21\bin;C:\WINDOWS\Sun\Java\bin;C:\WINDOWS\system32;C:\WINDOWS;C:\Program Files\Common Files\Oracle\Java\javapath;C:\Program Files (x86)\Common Files\Oracle\Java\java8path;C:\Program Files (x86)\Common Files\Oracle\Java\javapath;C:\Windows\system32;C:\Windows;C:\Windows\System32\Wbem;C:\Windows\System32\WindowsPowerShell\v1.0\;C:\Windows\System32\OpenSSH\;C:\Program Files\PostgreSQL\15\bin;C:\Program Files (x86)\NVIDIA Corporation\PhysX\Common;C:\Program Files\dotnet\;C:\Program Files\PostgreSQL\16\bin;C:\Program Files (x86)\Touch Portal\plugins\adb\platform-tools;C:\Program Files\Calibre2\;C:\Program Files\NVIDIA Corporation\NVIDIA app\NvDLISR;C:\WINDOWS\system32;C:\WINDOWS;C:\WINDOWS\System32\Wbem;C:\WINDOWS\System32\WindowsPowerShell\v1.0\;C:\WINDOWS\System32\OpenSSH\;C:\Program Files\Git\cmd;C:\Users\mvarg\AppData\Local\Programs\Python\Python312\Scripts\;C:\Users\mvarg\AppData\Local\Programs\Python\Python312\;C:\Users\mvarg\AppData\Local\Microsoft\WindowsApps;C:\Program Files\JetBrains\PyCharm Community Edition 2023.2\bin;;C:\Program Files\PostgreSQL\15\bin;C:\Users\mvarg\AppData\Local\Programs\Microsoft VS Code\bin;C:\Program Files\PostgreSQL\16\bin;;."/>
    <property name="java.vm.info" value="mixed mode, sharing"/>
    <property name="stderr.encoding" value="Cp1252"/>
    <property name="java.vendor" value="Oracle Corporation"/>
    <property name="java.vm.version" value="21.0.6+8-LTS-188"/>
    <property name="sun.io.unicode.encoding" value="UnicodeLittle"/>
    <property name="java.class.version" value="65.0"/>
  </properties>
  <testcase name="testBuscarPorTextoInexistente" classname="controller.InventarioTest" time="0.03"/>
</testsuite>